  ttt.cpp
C:\Users\jurij\Desktop\cppTTT\ttt\ttt\ttt.cpp(61,76): warning C4244: 'argument': conversion from 'float' to 'int', possible loss of data
C:\Users\jurij\Desktop\cppTTT\ttt\ttt\ttt.cpp(61,66): warning C4244: 'argument': conversion from 'float' to 'int', possible loss of data
C:\Users\jurij\Desktop\cppTTT\ttt\ttt\ttt.cpp(62,79): warning C4244: 'argument': conversion from 'float' to 'int', possible loss of data
C:\Users\jurij\Desktop\cppTTT\ttt\ttt\ttt.cpp(62,69): warning C4244: 'argument': conversion from 'float' to 'int', possible loss of data
C:\Users\jurij\Desktop\cppTTT\ttt\ttt\ttt.cpp(82,41): warning C4244: 'argument': conversion from 'float' to 'int', possible loss of data
C:\Users\jurij\Desktop\cppTTT\ttt\ttt\ttt.cpp(82,31): warning C4244: 'argument': conversion from 'float' to 'int', possible loss of data
C:\Users\jurij\Desktop\cppTTT\ttt\ttt\ttt.cpp(139,11): warning C4244: 'initializing': conversion from 'float' to 'int', possible loss of data
C:\Users\jurij\Desktop\cppTTT\ttt\ttt\ttt.cpp(140,11): warning C4244: 'initializing': conversion from 'float' to 'int', possible loss of data
C:\Users\jurij\Desktop\cppTTT\ttt\ttt\ttt.cpp(241,22): warning C4838: conversion from 'int' to 'float' requires a narrowing conversion
C:\Users\jurij\Desktop\cppTTT\ttt\ttt\ttt.cpp(241,22): warning C4244: 'initializing': conversion from 'int' to 'float', possible loss of data
C:\Users\jurij\Desktop\cppTTT\ttt\ttt\ttt.cpp(241,24): warning C4838: conversion from 'int' to 'float' requires a narrowing conversion
C:\Users\jurij\Desktop\cppTTT\ttt\ttt\ttt.cpp(241,24): warning C4244: 'initializing': conversion from 'int' to 'float', possible loss of data
C:\Users\jurij\Desktop\cppTTT\ttt\ttt\ttt.cpp(241,26): warning C4838: conversion from 'int' to 'float' requires a narrowing conversion
C:\Users\jurij\Desktop\cppTTT\ttt\ttt\ttt.cpp(241,26): warning C4244: 'initializing': conversion from 'int' to 'float', possible loss of data
C:\Users\jurij\Desktop\cppTTT\ttt\ttt\ttt.cpp(241,37): warning C4838: conversion from 'int' to 'float' requires a narrowing conversion
C:\Users\jurij\Desktop\cppTTT\ttt\ttt\ttt.cpp(241,37): warning C4244: 'initializing': conversion from 'int' to 'float', possible loss of data
  ttt.vcxproj -> C:\Users\jurij\Desktop\cppTTT\ttt\x64\Debug\ttt.exe
  'pwsh.exe' is not recognized as an internal or external command,
  operable program or batch file.
